<?xml version="1.0" encoding="UTF-8"?>
<testsuite name="com.kodilla.stream.world.WorldTestSuite" tests="1" skipped="0" failures="0" errors="0" timestamp="2021-06-16T21:15:59" hostname="192.168.1.23" time="0.03">
  <properties/>
  <testcase name="testGetPeopleQuantity()" classname="com.kodilla.stream.world.WorldTestSuite" time="0.03"/>
  <system-out><![CDATA[]]></system-out>
  <system-err><![CDATA[]]></system-err>
</testsuite>
