<?xml version="1.0" encoding="UTF-8"?>
<testsuite name="com.kodilla.stream.book.BookTestSuite" tests="1" skipped="0" failures="0" errors="0" timestamp="2021-08-28T22:58:18" hostname="MacBook-Pro-Mateusz.local" time="0.002">
  <properties/>
  <testcase name="testGetList()" classname="com.kodilla.stream.book.BookTestSuite" time="0.002"/>
  <system-out><![CDATA[]]></system-out>
  <system-err><![CDATA[]]></system-err>
</testsuite>
