<?xml version="1.0" encoding="UTF-8"?>
<testsuite name="com.kodilla.stream.sand.SandStorageTestSuite" tests="2" skipped="0" failures="0" errors="0" timestamp="2021-08-28T22:58:18" hostname="MacBook-Pro-Mateusz.local" time="0.004">
  <properties/>
  <testcase name="testGetSandBeansQuantity()" classname="com.kodilla.stream.sand.SandStorageTestSuite" time="0.002"/>
  <testcase name="testGetSandBeansQuantityWithReduce()" classname="com.kodilla.stream.sand.SandStorageTestSuite" time="0.001"/>
  <system-out><![CDATA[]]></system-out>
  <system-err><![CDATA[]]></system-err>
</testsuite>
