<?xml version="1.0" encoding="UTF-8"?>
<testsuite name="com.kodilla.stream.array.ArrayOperationsTestSuite" tests="1" skipped="0" failures="0" errors="0" timestamp="2021-06-17T00:35:12" hostname="192.168.1.23" time="0.039">
  <properties/>
  <testcase name="testGetAverage()" classname="com.kodilla.stream.array.ArrayOperationsTestSuite" time="0.039"/>
  <system-out><![CDATA[2
2
3
4
5
6
7
8
9
10
11
12
13
14
15
15
15
16
15
15
Average: 9.85
]]></system-out>
  <system-err><![CDATA[]]></system-err>
</testsuite>
