<?xml version="1.0" encoding="UTF-8"?>
<testsuite name="com.kodilla.stream.portfolio.BoardTestSuite" tests="1" skipped="0" failures="0" errors="0" timestamp="2021-06-17T23:03:29" hostname="MacBook-Pro-Mateusz.local" time="0.03">
  <properties/>
  <testcase name="testAddTaskListAverageWorkingOnTask()" classname="com.kodilla.stream.portfolio.BoardTestSuite" time="0.03"/>
  <system-out><![CDATA[Average days: 4.0
]]></system-out>
  <system-err><![CDATA[]]></system-err>
</testsuite>
