<?xml version="1.0" encoding="UTF-8"?>
<testsuite name="com.kodilla.testing.library.BookDirectoryTestSuite" tests="1" skipped="0" failures="0" errors="0" timestamp="2021-06-15T11:25:19" hostname="192.168.1.23" time="0.517">
  <properties/>
  <testcase name="testListBooksInHandsOfNoBooks()" classname="com.kodilla.testing.library.BookDirectoryTestSuite" time="0.517"/>
  <system-out><![CDATA[]]></system-out>
  <system-err><![CDATA[]]></system-err>
</testsuite>
