<?xml version="1.0" encoding="UTF-8"?>
<testsuite name="Collection Test Suite" tests="2" skipped="0" failures="0" errors="0" timestamp="2021-08-28T22:58:19" hostname="MacBook-Pro-Mateusz.local" time="0.005">
  <properties/>
  <testcase name="Check how exterminate method behaves when the list is empty" classname="com.kodilla.testing.collection.CollectionTestSuite" time="0.003"/>
  <testcase name="Check how exterminate method behaves when the list is filled" classname="com.kodilla.testing.collection.CollectionTestSuite" time="0.001"/>
  <system-out><![CDATA[Test Unit: begin
Empty List: []
Test Unit: end
Test Unit: begin
Filled List: [2, 4, 6, 8, 10]
Test Unit: end
]]></system-out>
  <system-err><![CDATA[]]></system-err>
</testsuite>
