<?xml version="1.0" encoding="UTF-8"?>
<testsuite name="com.kodilla.testing.weather.mock.WeatherForecastTestSuite" tests="3" skipped="0" failures="0" errors="0" timestamp="2021-08-28T22:58:20" hostname="MacBook-Pro-Mateusz.local" time="0.025">
  <properties/>
  <testcase name="testCalculateMedianTemperature()" classname="com.kodilla.testing.weather.mock.WeatherForecastTestSuite" time="0.018"/>
  <testcase name="testCalculateAverageTemperature()" classname="com.kodilla.testing.weather.mock.WeatherForecastTestSuite" time="0.003"/>
  <testcase name="testCalculateForecastWithMock()" classname="com.kodilla.testing.weather.mock.WeatherForecastTestSuite" time="0.002"/>
  <system-out><![CDATA[Test Unit: begin
Start test number #1
End test
Start test number #2
End test
Start test number #3
End test
Test Unit: end
]]></system-out>
  <system-err><![CDATA[]]></system-err>
</testsuite>
