<?xml version="1.0" encoding="UTF-8"?>
<testsuite name="com.kodilla.testing.statistics.StatisticsPresentationTestSuite" tests="7" skipped="0" failures="0" errors="0" timestamp="2021-06-14T01:18:05" hostname="192.168.1.23" time="0.59">
  <properties/>
  <testcase name="testCountPostsOf1000()" classname="com.kodilla.testing.statistics.StatisticsPresentationTestSuite" time="0.567"/>
  <testcase name="testCommentsLessThanPosts()" classname="com.kodilla.testing.statistics.StatisticsPresentationTestSuite" time="0.004"/>
  <testcase name="testCommentsMoreThanPosts()" classname="com.kodilla.testing.statistics.StatisticsPresentationTestSuite" time="0.002"/>
  <testcase name="testCountCommentsOf0()" classname="com.kodilla.testing.statistics.StatisticsPresentationTestSuite" time="0.002"/>
  <testcase name="testCountUsersOf0()" classname="com.kodilla.testing.statistics.StatisticsPresentationTestSuite" time="0.002"/>
  <testcase name="testCountPostsOf0()" classname="com.kodilla.testing.statistics.StatisticsPresentationTestSuite" time="0.002"/>
  <testcase name="testCountUsersOf100()" classname="com.kodilla.testing.statistics.StatisticsPresentationTestSuite" time="0.005"/>
  <system-out><![CDATA[TestSuite: start
Statistic for average posts per user: 1.1666666666666667
Statistic for average comments per user: 1.8333333333333333
TestSuite: end
]]></system-out>
  <system-err><![CDATA[]]></system-err>
</testsuite>
