<?xml version="1.0" encoding="UTF-8"?>
<testsuite name="Square Test Unit" tests="1" skipped="0" failures="0" errors="0" timestamp="2021-06-14T10:58:50" hostname="192.168.1.23" time="0.053">
  <properties/>
  <testcase name="testShowFigures()" classname="com.kodilla.testing.shape.ShapeCollectorTestSuite$SquareTests" time="0.053"/>
  <system-out><![CDATA[Preparing to execute test #1
]]></system-out>
  <system-err><![CDATA[]]></system-err>
</testsuite>
