<?xml version="1.0" encoding="UTF-8"?>
<testsuite name="com.kodilla.testing.weather.mock.WeatherForecastTestSuite" tests="1" skipped="0" failures="0" errors="0" timestamp="2021-06-13T15:10:18" hostname="192.168.1.23" time="0.576">
  <properties/>
  <testcase name="testCalculateMedianTemperature()" classname="com.kodilla.testing.weather.mock.WeatherForecastTestSuite" time="0.576"/>
  <system-out><![CDATA[Test Unit: begin
Start test number #1
End test
Test Unit: end
]]></system-out>
  <system-err><![CDATA[]]></system-err>
</testsuite>
