<?xml version="1.0" encoding="UTF-8"?>
<testsuite name="com.kodilla.testing.shape.ShapeCollectorTestSuite" tests="0" skipped="0" failures="0" errors="0" timestamp="1970-01-01T00:00:00" hostname="192.168.1.23" time="0.0">
  <properties/>
  <system-out><![CDATA[This is the beginning of tests.
All tests are finished
]]></system-out>
  <system-err><![CDATA[]]></system-err>
</testsuite>
