<?xml version="1.0" encoding="UTF-8"?>
<testsuite name="com.kodilla.testing.weather.mock.WeatherForecastTestSuite" tests="3" skipped="0" failures="0" errors="0" timestamp="2021-06-14T14:37:01" hostname="192.168.1.23" time="0.714">
  <properties/>
  <testcase name="testCalculateMedianTemperature()" classname="com.kodilla.testing.weather.mock.WeatherForecastTestSuite" time="0.705"/>
  <testcase name="testCalculateAverageTemperature()" classname="com.kodilla.testing.weather.mock.WeatherForecastTestSuite" time="0.004"/>
  <testcase name="testCalculateForecastWithMock()" classname="com.kodilla.testing.weather.mock.WeatherForecastTestSuite" time="0.005"/>
  <system-out><![CDATA[Test Unit: begin
Start test number #1
End test
Start test number #2
End test
Start test number #3
End test
Test Unit: end
]]></system-out>
  <system-err><![CDATA[]]></system-err>
</testsuite>
