<?xml version="1.0" encoding="UTF-8"?>
<testsuite name="com.kodilla.testing2.crudapp.CrudAppTestSuite" tests="1" skipped="0" failures="0" errors="0" timestamp="2021-12-07T10:35:13" hostname="MacBook-Pro-Mateusz.local" time="14.155">
  <properties/>
  <testcase name="shouldCreateTrelloCard()" classname="com.kodilla.testing2.crudapp.CrudAppTestSuite" time="14.155"/>
  <system-out><![CDATA[Task number 50602
]]></system-out>
  <system-err><![CDATA[SLF4J: Failed to load class "org.slf4j.impl.StaticLoggerBinder".
SLF4J: Defaulting to no-operation (NOP) logger implementation
SLF4J: See http://www.slf4j.org/codes.html#StaticLoggerBinder for further details.
Starting ChromeDriver 96.0.4664.45 (76e4c1bb2ab4671b8beba3444e61c0f17584b2fc-refs/branch-heads/4664@{#947}) on port 63291
Only local connections are allowed.
Please see https://chromedriver.chromium.org/security-considerations for suggestions on keeping ChromeDriver safe.
ChromeDriver was started successfully.
Dec 07, 2021 11:35:16 AM org.openqa.selenium.remote.ProtocolHandshake createSession
INFO: Detected dialect: W3C
Dec 07, 2021 11:35:16 AM org.openqa.selenium.devtools.CdpVersionFinder findNearestMatch
INFO: Found exact CDP implementation for version 96
]]></system-err>
</testsuite>
