<?xml version="1.0" encoding="UTF-8"?>
<testsuite name="com.kodilla.patterns.builder.bigmac.BigmacTestSuite" tests="1" skipped="0" failures="0" errors="0" timestamp="2021-08-14T20:31:33" hostname="MacBook-Pro-Mateusz.local" time="0.059">
  <properties/>
  <testcase name="testBuildBigmac()" classname="com.kodilla.patterns.builder.bigmac.BigmacTestSuite" time="0.059"/>
  <system-out><![CDATA[Bigmac{bun='SESAME', sauce='1000ISLAND', burgers=2, ingredients=[BEKON, CHEESE]}
]]></system-out>
  <system-err><![CDATA[]]></system-err>
</testsuite>
