<?xml version="1.0" encoding="UTF-8"?>
<testsuite name="com.kodilla.patterns.factory.ShapeFactoryTestSuite" tests="3" skipped="0" failures="0" errors="0" timestamp="2021-08-28T22:52:45" hostname="MacBook-Pro-Mateusz.local" time="0.008">
  <properties/>
  <testcase name="testFactoryCircle()" classname="com.kodilla.patterns.factory.ShapeFactoryTestSuite" time="0.003"/>
  <testcase name="testFactorySquare()" classname="com.kodilla.patterns.factory.ShapeFactoryTestSuite" time="0.002"/>
  <testcase name="testFactoryRectangle()" classname="com.kodilla.patterns.factory.ShapeFactoryTestSuite" time="0.002"/>
  <system-out><![CDATA[TESTS SUITE STARTS
test number: 1
The rounded circle
test number: 2
The angular square
test number: 3
The long rectangle
TESTS SUITE ENDS
]]></system-out>
  <system-err><![CDATA[]]></system-err>
</testsuite>
