<?xml version="1.0" encoding="UTF-8"?>
<testsuite name="com.kodilla.patterns.prototype.library.LibraryTestSuite" tests="1" skipped="0" failures="0" errors="0" timestamp="2021-08-28T22:52:45" hostname="MacBook-Pro-Mateusz.local" time="0.062">
  <properties/>
  <testcase name="testGetBooks()" classname="com.kodilla.patterns.prototype.library.LibraryTestSuite" time="0.062"/>
  <system-out><![CDATA[Library category: Thriller Books
[title: book1, atuhor: author1, publicationDate: 2021-08-29
, title: book2, atuhor: author2, publicationDate: 2021-08-29
, title: book3, atuhor: author3, publicationDate: 2021-08-29
, title: book4, atuhor: author4, publicationDate: 2021-08-29
, title: book5, atuhor: author5, publicationDate: 2021-08-29
]
----------
Library category: Biography Books
[title: book1, atuhor: author1, publicationDate: 2021-08-29
, title: book2, atuhor: author2, publicationDate: 2021-08-29
, title: book3, atuhor: author3, publicationDate: 2021-08-29
, title: book4, atuhor: author4, publicationDate: 2021-08-29
, title: book5, atuhor: author5, publicationDate: 2021-08-29
]
----------
Library category: Thriller Books
[title: book2, atuhor: author2, publicationDate: 2021-08-29
, title: book3, atuhor: author3, publicationDate: 2021-08-29
, title: book4, atuhor: author4, publicationDate: 2021-08-29
, title: book5, atuhor: author5, publicationDate: 2021-08-29
]
----------
Library category: Biography Books
[title: book2, atuhor: author2, publicationDate: 2021-08-29
, title: book3, atuhor: author3, publicationDate: 2021-08-29
, title: book4, atuhor: author4, publicationDate: 2021-08-29
, title: book5, atuhor: author5, publicationDate: 2021-08-29
]
######################### deep copy
Library category: Thriller Books
[title: book2, atuhor: author2, publicationDate: 2021-08-29
, title: book3, atuhor: author3, publicationDate: 2021-08-29
, title: book4, atuhor: author4, publicationDate: 2021-08-29
, title: book5, atuhor: author5, publicationDate: 2021-08-29
]
#@#@#@#@#@#@#@#@#@#@#@#@#@##@#@#@#@
Library category: Drama Books
[title: book1, atuhor: author1, publicationDate: 2021-08-29
, title: book2, atuhor: author2, publicationDate: 2021-08-29
, title: book3, atuhor: author3, publicationDate: 2021-08-29
, title: book4, atuhor: author4, publicationDate: 2021-08-29
, title: book5, atuhor: author5, publicationDate: 2021-08-29
]
]]></system-out>
  <system-err><![CDATA[]]></system-err>
</testsuite>
