<?xml version="1.0" encoding="UTF-8"?>
<testsuite name="com.kodilla.patterns.builder.bigmac.BigmacTestSuite" tests="1" skipped="0" failures="0" errors="0" timestamp="2021-08-15T17:24:34" hostname="MacBook-Pro-Mateusz.local" time="0.037">
  <properties/>
  <testcase name="testBuildBigmacWithWrongIngredients()" classname="com.kodilla.patterns.builder.bigmac.BigmacTestSuite" time="0.037"/>
  <system-out><![CDATA[]]></system-out>
  <system-err><![CDATA[]]></system-err>
</testsuite>
