<?xml version="1.0" encoding="UTF-8"?>
<testsuite name="com.kodilla.patterns.prototype.BoardTestSuite" tests="1" skipped="0" failures="0" errors="0" timestamp="2021-08-28T22:52:45" hostname="MacBook-Pro-Mateusz.local" time="0.018">
  <properties/>
  <testcase name="testToString()" classname="com.kodilla.patterns.prototype.BoardTestSuite" time="0.018"/>
  <system-out><![CDATA[Board [Project number 1]
    List [In Progress Tasks]
    Task [In Progress Tasks 1]
    Task [In Progress Tasks 2]
    Task [In Progress Tasks 3]
    Task [In Progress Tasks 4]
    Task [In Progress Tasks 5]
    Task [In Progress Tasks 6]
    Task [In Progress Tasks 7]
    Task [In Progress Tasks 8]
    Task [In Progress Tasks 9]
    Task [In Progress Tasks 10]
    List [Done Tasks]
    Task [Done Tasks 1]
    Task [Done Tasks 2]
    Task [Done Tasks 3]
    Task [Done Tasks 4]
    Task [Done Tasks 5]
    Task [Done Tasks 6]
    Task [Done Tasks 7]
    Task [Done Tasks 8]
    Task [Done Tasks 9]
    Task [Done Tasks 10]

Board [Project number 2]
    List [In Progress Tasks]
    Task [In Progress Tasks 1]
    Task [In Progress Tasks 2]
    Task [In Progress Tasks 3]
    Task [In Progress Tasks 4]
    Task [In Progress Tasks 5]
    Task [In Progress Tasks 6]
    Task [In Progress Tasks 7]
    Task [In Progress Tasks 8]
    Task [In Progress Tasks 9]
    Task [In Progress Tasks 10]
    List [Done Tasks]
    Task [Done Tasks 1]
    Task [Done Tasks 2]
    Task [Done Tasks 3]
    Task [Done Tasks 4]
    Task [Done Tasks 5]
    Task [Done Tasks 6]
    Task [Done Tasks 7]
    Task [Done Tasks 8]
    Task [Done Tasks 9]
    Task [Done Tasks 10]

Board [Project number 3]
    List [In Progress Tasks]
    Task [In Progress Tasks 1]
    Task [In Progress Tasks 2]
    Task [In Progress Tasks 3]
    Task [In Progress Tasks 4]
    Task [In Progress Tasks 5]
    Task [In Progress Tasks 6]
    Task [In Progress Tasks 7]
    Task [In Progress Tasks 8]
    Task [In Progress Tasks 9]
    Task [In Progress Tasks 10]
    List [To Do Tasks]
    Task [To Do task 1]
    Task [To Do task 2]
    Task [To Do task 3]
    Task [To Do task 4]
    Task [To Do task 5]
    Task [To Do task 6]
    Task [To Do task 7]
    Task [To Do task 8]
    Task [To Do task 9]
    Task [To Do task 10]
    List [Done Tasks]
    Task [Done Tasks 1]
    Task [Done Tasks 2]
    Task [Done Tasks 3]
    Task [Done Tasks 4]
    Task [Done Tasks 5]
    Task [Done Tasks 6]
    Task [Done Tasks 7]
    Task [Done Tasks 8]
    Task [Done Tasks 9]
    Task [Done Tasks 10]

]]></system-out>
  <system-err><![CDATA[]]></system-err>
</testsuite>
