<?xml version="1.0" encoding="UTF-8"?>
<testsuite name="com.kodilla.patterns.builder.bigmac.BigmacTestSuite" tests="2" skipped="0" failures="0" errors="0" timestamp="2021-08-28T22:52:45" hostname="MacBook-Pro-Mateusz.local" time="0.005">
  <properties/>
  <testcase name="testBuildBigmacWithWrongIngredients()" classname="com.kodilla.patterns.builder.bigmac.BigmacTestSuite" time="0.003"/>
  <testcase name="testBuildBigmacWithRightIngredients()" classname="com.kodilla.patterns.builder.bigmac.BigmacTestSuite" time="0.002"/>
  <system-out><![CDATA[]]></system-out>
  <system-err><![CDATA[]]></system-err>
</testsuite>
