<?xml version="1.0" encoding="UTF-8"?>
<testsuite name="com.kodilla.patterns.factory.tasks.TaskFactoryTestSuite" tests="1" skipped="0" failures="0" errors="0" timestamp="2021-08-28T22:52:45" hostname="MacBook-Pro-Mateusz.local" time="0.008">
  <properties/>
  <testcase name="testCreateTasks()" classname="com.kodilla.patterns.factory.tasks.TaskFactoryTestSuite" time="0.008"/>
  <system-out><![CDATA[]]></system-out>
  <system-err><![CDATA[]]></system-err>
</testsuite>
