<?xml version="1.0" encoding="UTF-8"?>
<testsuite name="com.kodilla.spring.intro.shape.DrawerTestSuite" tests="1" skipped="0" failures="0" errors="0" timestamp="2021-08-04T21:48:29" hostname="MacBook-Pro-Mateusz.local" time="0.024">
  <properties/>
  <testcase name="testDoDrawingWithCircle()" classname="com.kodilla.spring.intro.shape.DrawerTestSuite" time="0.024"/>
  <system-out><![CDATA[This is a circle
]]></system-out>
  <system-err><![CDATA[]]></system-err>
</testsuite>
