<?xml version="1.0" encoding="UTF-8"?>
<testsuite name="com.kodilla.patterns2.adapter.classifier.MedianAdapterTestSuite" tests="1" skipped="0" failures="0" errors="0" timestamp="2021-10-17T12:21:00" hostname="MBP-Mateusz" time="0.384">
  <properties/>
  <testcase name="publicationYearMedianTest()" classname="com.kodilla.patterns2.adapter.classifier.MedianAdapterTestSuite" time="0.384"/>
  <system-out><![CDATA[14:20:59.398 [Test worker] DEBUG org.springframework.test.context.BootstrapUtils - Instantiating CacheAwareContextLoaderDelegate from class [org.springframework.test.context.cache.DefaultCacheAwareContextLoaderDelegate]
14:20:59.409 [Test worker] DEBUG org.springframework.test.context.BootstrapUtils - Instantiating BootstrapContext using constructor [public org.springframework.test.context.support.DefaultBootstrapContext(java.lang.Class,org.springframework.test.context.CacheAwareContextLoaderDelegate)]
14:20:59.445 [Test worker] DEBUG org.springframework.test.context.BootstrapUtils - Instantiating TestContextBootstrapper for test class [com.kodilla.patterns2.adapter.classifier.MedianAdapterTestSuite] from class [org.springframework.boot.test.context.SpringBootTestContextBootstrapper]
14:20:59.456 [Test worker] INFO org.springframework.boot.test.context.SpringBootTestContextBootstrapper - Neither @ContextConfiguration nor @ContextHierarchy found for test class [com.kodilla.patterns2.adapter.classifier.MedianAdapterTestSuite], using SpringBootContextLoader
14:20:59.460 [Test worker] DEBUG org.springframework.test.context.support.AbstractContextLoader - Did not detect default resource location for test class [com.kodilla.patterns2.adapter.classifier.MedianAdapterTestSuite]: class path resource [com/kodilla/patterns2/adapter/classifier/MedianAdapterTestSuite-context.xml] does not exist
14:20:59.461 [Test worker] DEBUG org.springframework.test.context.support.AbstractContextLoader - Did not detect default resource location for test class [com.kodilla.patterns2.adapter.classifier.MedianAdapterTestSuite]: class path resource [com/kodilla/patterns2/adapter/classifier/MedianAdapterTestSuiteContext.groovy] does not exist
14:20:59.462 [Test worker] INFO org.springframework.test.context.support.AbstractContextLoader - Could not detect default resource locations for test class [com.kodilla.patterns2.adapter.classifier.MedianAdapterTestSuite]: no resource found for suffixes {-context.xml, Context.groovy}.
14:20:59.463 [Test worker] INFO org.springframework.test.context.support.AnnotationConfigContextLoaderUtils - Could not detect default configuration classes for test class [com.kodilla.patterns2.adapter.classifier.MedianAdapterTestSuite]: MedianAdapterTestSuite does not declare any static, non-private, non-final, nested classes annotated with @Configuration.
14:20:59.508 [Test worker] DEBUG org.springframework.test.context.support.ActiveProfilesUtils - Could not find an 'annotation declaring class' for annotation type [org.springframework.test.context.ActiveProfiles] and class [com.kodilla.patterns2.adapter.classifier.MedianAdapterTestSuite]
14:20:59.560 [Test worker] DEBUG org.springframework.context.annotation.ClassPathScanningCandidateComponentProvider - Identified candidate component class: file [/Users/mateuszolszak/IdeaProjects/KodillaTesting/kodilla-patterns2/build/classes/java/main/com/kodilla/patterns2/KodillaApplication.class]
14:20:59.561 [Test worker] INFO org.springframework.boot.test.context.SpringBootTestContextBootstrapper - Found @SpringBootConfiguration com.kodilla.patterns2.KodillaApplication for test class com.kodilla.patterns2.adapter.classifier.MedianAdapterTestSuite
14:20:59.671 [Test worker] DEBUG org.springframework.boot.test.context.SpringBootTestContextBootstrapper - @TestExecutionListeners is not present for class [com.kodilla.patterns2.adapter.classifier.MedianAdapterTestSuite]: using defaults.
14:20:59.671 [Test worker] INFO org.springframework.boot.test.context.SpringBootTestContextBootstrapper - Loaded default TestExecutionListener class names from location [META-INF/spring.factories]: [org.springframework.boot.test.autoconfigure.restdocs.RestDocsTestExecutionListener, org.springframework.boot.test.autoconfigure.web.client.MockRestServiceServerResetTestExecutionListener, org.springframework.boot.test.autoconfigure.web.servlet.MockMvcPrintOnlyOnFailureTestExecutionListener, org.springframework.boot.test.autoconfigure.web.servlet.WebDriverTestExecutionListener, org.springframework.boot.test.autoconfigure.webservices.client.MockWebServiceServerTestExecutionListener, org.springframework.boot.test.mock.mockito.MockitoTestExecutionListener, org.springframework.boot.test.mock.mockito.ResetMocksTestExecutionListener, org.springframework.test.context.web.ServletTestExecutionListener, org.springframework.test.context.support.DirtiesContextBeforeModesTestExecutionListener, org.springframework.test.context.support.DependencyInjectionTestExecutionListener, org.springframework.test.context.support.DirtiesContextTestExecutionListener, org.springframework.test.context.transaction.TransactionalTestExecutionListener, org.springframework.test.context.jdbc.SqlScriptsTestExecutionListener, org.springframework.test.context.event.EventPublishingTestExecutionListener]
14:20:59.684 [Test worker] DEBUG org.springframework.boot.test.context.SpringBootTestContextBootstrapper - Skipping candidate TestExecutionListener [org.springframework.test.context.web.ServletTestExecutionListener] due to a missing dependency. Specify custom listener classes or make the default listener classes and their required dependencies available. Offending class: [javax/servlet/ServletContext]
14:20:59.686 [Test worker] DEBUG org.springframework.boot.test.context.SpringBootTestContextBootstrapper - Skipping candidate TestExecutionListener [org.springframework.test.context.transaction.TransactionalTestExecutionListener] due to a missing dependency. Specify custom listener classes or make the default listener classes and their required dependencies available. Offending class: [org/springframework/transaction/interceptor/TransactionAttributeSource]
14:20:59.687 [Test worker] DEBUG org.springframework.boot.test.context.SpringBootTestContextBootstrapper - Skipping candidate TestExecutionListener [org.springframework.test.context.jdbc.SqlScriptsTestExecutionListener] due to a missing dependency. Specify custom listener classes or make the default listener classes and their required dependencies available. Offending class: [org/springframework/transaction/interceptor/TransactionAttribute]
14:20:59.688 [Test worker] INFO org.springframework.boot.test.context.SpringBootTestContextBootstrapper - Using TestExecutionListeners: [org.springframework.test.context.support.DirtiesContextBeforeModesTestExecutionListener@5d52d1b8, org.springframework.boot.test.mock.mockito.MockitoTestExecutionListener@2a09c62a, org.springframework.boot.test.autoconfigure.SpringBootDependencyInjectionTestExecutionListener@569661cf, org.springframework.test.context.support.DirtiesContextTestExecutionListener@43dd1722, org.springframework.test.context.event.EventPublishingTestExecutionListener@8c9d1f0, org.springframework.boot.test.autoconfigure.restdocs.RestDocsTestExecutionListener@6c156e55, org.springframework.boot.test.autoconfigure.web.client.MockRestServiceServerResetTestExecutionListener@968e201, org.springframework.boot.test.autoconfigure.web.servlet.MockMvcPrintOnlyOnFailureTestExecutionListener@22a79009, org.springframework.boot.test.autoconfigure.web.servlet.WebDriverTestExecutionListener@642783fc, org.springframework.boot.test.autoconfigure.webservices.client.MockWebServiceServerTestExecutionListener@23873eeb, org.springframework.boot.test.mock.mockito.ResetMocksTestExecutionListener@6d31a870]
14:20:59.692 [Test worker] DEBUG org.springframework.test.context.support.AbstractDirtiesContextTestExecutionListener - Before test class: context [DefaultTestContext@74e1670d testClass = MedianAdapterTestSuite, testInstance = [null], testMethod = [null], testException = [null], mergedContextConfiguration = [MergedContextConfiguration@6d72b5b testClass = MedianAdapterTestSuite, locations = '{}', classes = '{class com.kodilla.patterns2.KodillaApplication}', contextInitializerClasses = '[]', activeProfiles = '{}', propertySourceLocations = '{}', propertySourceProperties = '{org.springframework.boot.test.context.SpringBootTestContextBootstrapper=true}', contextCustomizers = set[org.springframework.boot.test.autoconfigure.actuate.metrics.MetricsExportContextCustomizerFactory$DisableMetricExportContextCustomizer@7199e750, org.springframework.boot.test.autoconfigure.properties.PropertyMappingContextCustomizer@0, org.springframework.boot.test.autoconfigure.web.servlet.WebDriverContextCustomizerFactory$Customizer@694b3185, org.springframework.boot.test.context.filter.ExcludeFilterContextCustomizer@22a77463, org.springframework.boot.test.json.DuplicateJsonObjectContextCustomizerFactory$DuplicateJsonObjectContextCustomizer@6b8e07fb, org.springframework.boot.test.mock.mockito.MockitoContextCustomizer@0, org.springframework.boot.test.web.client.TestRestTemplateContextCustomizer@4d979ea9, org.springframework.boot.test.web.reactive.server.WebTestClientContextCustomizer@4433248, org.springframework.boot.test.context.SpringBootTestArgs@1, org.springframework.boot.test.context.SpringBootTestWebEnvironment@502aefe5], contextLoader = 'org.springframework.boot.test.context.SpringBootContextLoader', parent = [null]], attributes = map[[empty]]], class annotated with @DirtiesContext [false] with mode [null].
14:20:59.716 [Test worker] DEBUG org.springframework.test.context.support.DependencyInjectionTestExecutionListener - Performing dependency injection for test context [[DefaultTestContext@74e1670d testClass = MedianAdapterTestSuite, testInstance = com.kodilla.patterns2.adapter.classifier.MedianAdapterTestSuite@7e4e9957, testMethod = [null], testException = [null], mergedContextConfiguration = [MergedContextConfiguration@6d72b5b testClass = MedianAdapterTestSuite, locations = '{}', classes = '{class com.kodilla.patterns2.KodillaApplication}', contextInitializerClasses = '[]', activeProfiles = '{}', propertySourceLocations = '{}', propertySourceProperties = '{org.springframework.boot.test.context.SpringBootTestContextBootstrapper=true}', contextCustomizers = set[org.springframework.boot.test.autoconfigure.actuate.metrics.MetricsExportContextCustomizerFactory$DisableMetricExportContextCustomizer@7199e750, org.springframework.boot.test.autoconfigure.properties.PropertyMappingContextCustomizer@0, org.springframework.boot.test.autoconfigure.web.servlet.WebDriverContextCustomizerFactory$Customizer@694b3185, org.springframework.boot.test.context.filter.ExcludeFilterContextCustomizer@22a77463, org.springframework.boot.test.json.DuplicateJsonObjectContextCustomizerFactory$DuplicateJsonObjectContextCustomizer@6b8e07fb, org.springframework.boot.test.mock.mockito.MockitoContextCustomizer@0, org.springframework.boot.test.web.client.TestRestTemplateContextCustomizer@4d979ea9, org.springframework.boot.test.web.reactive.server.WebTestClientContextCustomizer@4433248, org.springframework.boot.test.context.SpringBootTestArgs@1, org.springframework.boot.test.context.SpringBootTestWebEnvironment@502aefe5], contextLoader = 'org.springframework.boot.test.context.SpringBootContextLoader', parent = [null]], attributes = map[[empty]]]].
14:20:59.743 [Test worker] DEBUG org.springframework.test.context.support.TestPropertySourceUtils - Adding inlined properties to environment: {spring.jmx.enabled=false, org.springframework.boot.test.context.SpringBootTestContextBootstrapper=true}

  .   ____          _            __ _ _
 /\\ / ___'_ __ _ _(_)_ __  __ _ \ \ \ \
( ( )\___ | '_ | '_| | '_ \/ _` | \ \ \ \
 \\/  ___)| |_)| | | | | || (_| |  ) ) ) )
  '  |____| .__|_| |_|_| |_\__, | / / / /
 =========|_|==============|___/=/_/_/_/
 :: Spring Boot ::                (v2.4.0)

2021-10-17 14:21:00.029  INFO 66451 --- [    Test worker] c.k.p.a.c.MedianAdapterTestSuite         : Starting MedianAdapterTestSuite using Java 15.0.2 on MBP-Mateusz with PID 66451 (started by mati in /Users/mateuszolszak/IdeaProjects/KodillaTesting/kodilla-patterns2)
2021-10-17 14:21:00.032  INFO 66451 --- [    Test worker] c.k.p.a.c.MedianAdapterTestSuite         : No active profile set, falling back to default profiles: default
2021-10-17 14:21:00.874  INFO 66451 --- [    Test worker] c.k.p.a.c.MedianAdapterTestSuite         : Started MedianAdapterTestSuite in 1.128 seconds (JVM running for 2.3)
]]></system-out>
  <system-err><![CDATA[]]></system-err>
</testsuite>
