<?xml version="1.0" encoding="UTF-8"?>
<testsuite name="com.kodilla.patterns2.facade.ShopServiceTestSuite" tests="2" skipped="0" failures="0" errors="0" timestamp="2021-10-15T19:34:23" hostname="MBP-Mateusz" time="0.009">
  <properties/>
  <testcase name="testShopServiceSubmitOrder()" classname="com.kodilla.patterns2.facade.ShopServiceTestSuite" time="0.005"/>
  <testcase name="testShopFacade()" classname="com.kodilla.patterns2.facade.ShopServiceTestSuite" time="0.003"/>
  <system-out><![CDATA[2021-10-15 21:34:23.931  INFO 61459 --- [    Test worker] .b.t.c.SpringBootTestContextBootstrapper : Neither @ContextConfiguration nor @ContextHierarchy found for test class [com.kodilla.patterns2.facade.ShopServiceTestSuite], using SpringBootContextLoader
2021-10-15 21:34:23.932  INFO 61459 --- [    Test worker] o.s.t.c.support.AbstractContextLoader    : Could not detect default resource locations for test class [com.kodilla.patterns2.facade.ShopServiceTestSuite]: no resource found for suffixes {-context.xml, Context.groovy}.
2021-10-15 21:34:23.933  INFO 61459 --- [    Test worker] t.c.s.AnnotationConfigContextLoaderUtils : Could not detect default configuration classes for test class [com.kodilla.patterns2.facade.ShopServiceTestSuite]: ShopServiceTestSuite does not declare any static, non-private, non-final, nested classes annotated with @Configuration.
2021-10-15 21:34:23.939  INFO 61459 --- [    Test worker] .b.t.c.SpringBootTestContextBootstrapper : Found @SpringBootConfiguration com.kodilla.patterns2.KodillaApplication for test class com.kodilla.patterns2.facade.ShopServiceTestSuite
2021-10-15 21:34:23.940  INFO 61459 --- [    Test worker] .b.t.c.SpringBootTestContextBootstrapper : Loaded default TestExecutionListener class names from location [META-INF/spring.factories]: [org.springframework.boot.test.autoconfigure.restdocs.RestDocsTestExecutionListener, org.springframework.boot.test.autoconfigure.web.client.MockRestServiceServerResetTestExecutionListener, org.springframework.boot.test.autoconfigure.web.servlet.MockMvcPrintOnlyOnFailureTestExecutionListener, org.springframework.boot.test.autoconfigure.web.servlet.WebDriverTestExecutionListener, org.springframework.boot.test.autoconfigure.webservices.client.MockWebServiceServerTestExecutionListener, org.springframework.boot.test.mock.mockito.MockitoTestExecutionListener, org.springframework.boot.test.mock.mockito.ResetMocksTestExecutionListener, org.springframework.test.context.web.ServletTestExecutionListener, org.springframework.test.context.support.DirtiesContextBeforeModesTestExecutionListener, org.springframework.test.context.support.DependencyInjectionTestExecutionListener, org.springframework.test.context.support.DirtiesContextTestExecutionListener, org.springframework.test.context.transaction.TransactionalTestExecutionListener, org.springframework.test.context.jdbc.SqlScriptsTestExecutionListener, org.springframework.test.context.event.EventPublishingTestExecutionListener]
2021-10-15 21:34:23.941  INFO 61459 --- [    Test worker] .b.t.c.SpringBootTestContextBootstrapper : Using TestExecutionListeners: [org.springframework.test.context.support.DirtiesContextBeforeModesTestExecutionListener@7ff843f5, org.springframework.boot.test.mock.mockito.MockitoTestExecutionListener@98b204a, org.springframework.boot.test.autoconfigure.SpringBootDependencyInjectionTestExecutionListener@17e06770, org.springframework.test.context.support.DirtiesContextTestExecutionListener@1d85bb57, org.springframework.test.context.event.EventPublishingTestExecutionListener@20dfa4f9, org.springframework.boot.test.autoconfigure.restdocs.RestDocsTestExecutionListener@700659d8, org.springframework.boot.test.autoconfigure.web.client.MockRestServiceServerResetTestExecutionListener@64496b4f, org.springframework.boot.test.autoconfigure.web.servlet.MockMvcPrintOnlyOnFailureTestExecutionListener@54a62b92, org.springframework.boot.test.autoconfigure.web.servlet.WebDriverTestExecutionListener@983b593, org.springframework.boot.test.autoconfigure.webservices.client.MockWebServiceServerTestExecutionListener@4b09f5e2, org.springframework.boot.test.mock.mockito.ResetMocksTestExecutionListener@64b5ecdf]
Registering new order, ID: -1
Access denied. User is not authenticated.
2021-10-15 21:34:23.953  INFO 61459 --- [    Test worker] c.k.patterns2.facade.api.OrderFacade     : Registering new order, ID: -1
2021-10-15 21:34:23.953 ERROR 61459 --- [    Test worker] c.k.patterns2.facade.api.OrderFacade     : User is not authorised
]]></system-out>
  <system-err><![CDATA[]]></system-err>
</testsuite>
