<?xml version="1.0" encoding="UTF-8"?>
<testsuite name="com.kodilla.exception.test.SecondChallengeTestSuite" tests="1" skipped="0" failures="0" errors="0" timestamp="2021-08-28T22:52:04" hostname="MacBook-Pro-Mateusz.local" time="0.032">
  <properties/>
  <testcase name="testProbablyIWillThrowException()" classname="com.kodilla.exception.test.SecondChallengeTestSuite" time="0.032"/>
  <system-out><![CDATA[Iam always here
Iam always here
Iam always here
Iam always here
]]></system-out>
  <system-err><![CDATA[]]></system-err>
</testsuite>
